2025-02-25 22:28:04,728 - INFO - æœªæ‰¾åˆ°èšç±»ç»“æœï¼Œå°è¯•æ‰§è¡Œä¸»é¢˜èšç±»...
2025-02-25 22:28:04,728 - INFO - åŠ è½½åˆ†è¯æ•°æ®: word_segmentation/segmented_news_2025-02-25.csv
2025-02-25 22:28:04,732 - INFO - å‡†å¤‡æ–‡æœ¬å‘é‡åŒ–
2025-02-25 22:28:04,735 - INFO - æœ‰æ•ˆæ–‡æœ¬æ•°é‡: 570/570
2025-02-25 22:28:04,736 - INFO - æ–‡æœ¬å‘é‡åŒ–ï¼Œæœ€å¤§ç‰¹å¾æ•°: 1000
2025-02-25 22:28:04,736 - INFO - æœ‰æ•ˆæ–‡æœ¬æ•°é‡: 570
2025-02-25 22:28:04,741 - INFO - å‘é‡åŒ–å®Œæˆï¼Œå½¢çŠ¶: (570, 1000)
2025-02-25 22:28:04,741 - INFO - K-meansèšç±»ï¼Œèšç±»æ•°: 10
2025-02-25 22:28:04,849 - INFO - K-meansèšç±»å®Œæˆ
2025-02-25 22:28:04,849 - INFO - æå–æ¯ä¸ªèšç±»çš„å‰10ä¸ªå…³é”®è¯
2025-02-25 22:28:04,850 - INFO - å…³é”®è¯æå–å®Œæˆ
2025-02-25 22:28:04,850 - INFO - ä½¿ç”¨pcaè¿›è¡Œé™ç»´åˆ°2ç»´
2025-02-25 22:28:04,899 - INFO - é™ç»´å®Œæˆï¼Œå½¢çŠ¶: (570, 2)
2025-02-25 22:28:05,153 - INFO - å·²ä¿å­˜èšç±»å¯è§†åŒ–: word_segmentation/visualization\clusters_2d.png
2025-02-25 22:28:05,153 - INFO - ç”Ÿæˆèšç±»ç»“æœæ•°æ®
2025-02-25 22:28:05,162 - INFO - èšç±»ç»“æœæ•°æ®ç”Ÿæˆå®Œæˆï¼Œå…±10ä¸ªèšç±»
2025-02-25 22:28:05,168 - INFO - å·²ä¿å­˜èšç±»ç»“æœæ•°æ®: word_segmentation/visualization\cluster_data.json
2025-02-25 22:28:05,169 - INFO - ä¸»é¢˜èšç±»å¤„ç†å®Œæˆ: {'visualization_path': 'word_segmentation/visualization\\clusters_2d.png', 'data_path': 'word_segmentation/visualization\\cluster_data.json', 'cluster_count': 10, 'news_count': 570}
2025-02-25 22:28:05,192 - INFO - [31m[1mWARNING: This is a development server. Do not use it in a production deployment. Use a production WSGI server instead.[0m
 * Running on all addresses (0.0.0.0)
 * Running on http://127.0.0.1:5000
 * Running on http://192.168.3.88:5000
2025-02-25 22:28:05,192 - INFO - [33mPress CTRL+C to quit[0m
2025-02-25 22:28:05,195 - INFO -  * Restarting with stat
2025-02-26 10:28:45,959 - INFO -  * Restarting with stat
2025-02-26 10:29:09,493 - INFO -  * Restarting with stat
2025-02-26 10:29:28,308 - INFO -  * Restarting with stat
2025-02-26 10:29:54,027 - INFO -  * Restarting with stat
